<?xml version="1.0" encoding="UTF-8"?>
<!-- Generated by org.testng.reporters.JUnitReportReporter -->
<testsuite hostname="impetus-n078" name="TestCases.Home_Page" tests="1" failures="0" timestamp="26 Nov 2014 08:07:56 GMT" time="29.370" errors="0">
  <testcase name="verifyHomeTabCal" time="29.370" classname="TestCases.Home_Page"/>
</testsuite> <!-- TestCases.Home_Page -->
