<?xml version="1.0" encoding="UTF-8"?>
<!-- Generated by org.testng.reporters.JUnitReportReporter -->
<testsuite hostname="impetus-n078" name="TestCases.MutualFunds_Page" tests="3" failures="0" timestamp="26 Nov 2014 08:07:56 GMT" time="253.972" errors="0">
  <testcase name="MutualFunds_VerifyTextAndNavigation" time="68.625" classname="TestCases.MutualFunds_Page"/>
  <testcase name="MutualFunds_MonthScoreCard_VerifyColorAndValue" time="162.366" classname="TestCases.MutualFunds_Page"/>
  <testcase name="MutualFunds_CompareFunds_VerifyTextAndGraph" time="22.981" classname="TestCases.MutualFunds_Page"/>
</testsuite> <!-- TestCases.MutualFunds_Page -->
