<?xml version="1.0" encoding="UTF-8"?>
<!-- Generated by org.testng.reporters.JUnitReportReporter -->
<testsuite hostname="impetus-n078" name="TestCases.Market_Page" tests="2" failures="0" timestamp="26 Nov 2014 08:07:56 GMT" time="80.207" errors="0">
  <testcase name="Market_VerifyMarketTab" time="42.264" classname="TestCases.Market_Page"/>
  <testcase name="Market_VerifyETFTab" time="37.943" classname="TestCases.Market_Page"/>
</testsuite> <!-- TestCases.Market_Page -->
