<?xml version="1.0" encoding="UTF-8"?>
<!-- Generated by org.testng.reporters.JUnitReportReporter -->
<testsuite hostname="impetus-n078" name="TestCases.IPO_Page" tests="4" failures="0" timestamp="26 Nov 2014 08:07:56 GMT" time="125.469" errors="0">
  <testcase name="IPO_VerifyCalenderOnIPOPage" time="17.540" classname="TestCases.IPO_Page"/>
  <testcase name="IPO_Calender_VerifyCalenderTab" time="17.075" classname="TestCases.IPO_Page"/>
  <testcase name="IPO_Forthcoming_VerifyForthcomingTab" time="22.861" classname="TestCases.IPO_Page"/>
  <testcase name="IPO_Past_VerifyCalenderTab" time="67.993" classname="TestCases.IPO_Page"/>
</testsuite> <!-- TestCases.IPO_Page -->
