<?xml version="1.0" encoding="UTF-8"?>
<!-- Generated by org.testng.reporters.JUnitReportReporter -->
<testsuite hostname="impetus-n078" name="TestCases.Widget_Page" tests="1" failures="0" timestamp="26 Nov 2014 08:07:56 GMT" time="79.864" errors="0">
  <testcase name="verify_widgetTab" time="79.864" classname="TestCases.Widget_Page"/>
</testsuite> <!-- TestCases.Widget_Page -->
