<?xml version="1.0" encoding="UTF-8"?>
<!-- Generated by org.testng.reporters.JUnitReportReporter -->
<testsuite hostname="impetus-n078" name="TestCases.ResearchHub_Page" tests="1" failures="0" timestamp="26 Nov 2014 08:07:56 GMT" time="58.016" errors="0">
  <testcase name="ResearchHub_ResultsInsights_VerifyResearchHubPage" time="58.016" classname="TestCases.ResearchHub_Page"/>
</testsuite> <!-- TestCases.ResearchHub_Page -->
