<?xml version="1.0" encoding="UTF-8"?>
<!-- Generated by org.testng.reporters.JUnitReportReporter -->
<testsuite hostname="impetus-n078" name="TestCases.Reports_Page" tests="1" failures="0" timestamp="26 Nov 2014 08:07:56 GMT" time="59.326" errors="0">
  <testcase name="Reports_DailyWrap_VerifyDailyWrapPage" time="59.326" classname="TestCases.Reports_Page"/>
</testsuite> <!-- TestCases.Reports_Page -->
