<?xml version="1.0" encoding="UTF-8"?>
<!-- Generated by org.testng.reporters.JUnitReportReporter -->
<testsuite hostname="impetus-n078" name="TestCases.Companies_Page" tests="2" failures="0" timestamp="26 Nov 2014 08:07:56 GMT" time="378.455" errors="0">
  <testcase name="Companies_VerifyCompaniesTab" time="153.278" classname="TestCases.Companies_Page"/>
  <testcase name="Companies_VerifyNavigationOnCompaniesSubtab" time="225.177" classname="TestCases.Companies_Page"/>
</testsuite> <!-- TestCases.Companies_Page -->
