<?xml version="1.0" encoding="UTF-8"?>
<!-- Generated by org.testng.reporters.JUnitReportReporter -->
<testsuite hostname="impetus-n078" name="TestCases.Resources_Page" tests="1" failures="0" timestamp="26 Nov 2014 08:07:56 GMT" time="14.495" errors="0">
  <testcase name="Resource_VerifyGeneralEconmicIndicatorPage" time="14.495" classname="TestCases.Resources_Page"/>
</testsuite> <!-- TestCases.Resources_Page -->
